<?xml version="1.0" encoding="UTF-8"?>
<testng-results ignored="0" total="2" passed="2" failed="0" skipped="0">
  <reporter-output>
  </reporter-output>
  <suite started-at="2024-05-24T12:30:15 IST" name="Suite" finished-at="2024-05-24T12:30:15 IST" duration-ms="0">
    <groups>
    </groups>
  </suite> <!-- Suite -->
  <suite started-at="2024-05-24T12:30:04 IST" name="Suite (1)" finished-at="2024-05-24T12:30:15 IST" duration-ms="11001">
    <groups>
    </groups>
    <test started-at="2024-05-24T12:30:04 IST" name="Test" finished-at="2024-05-24T12:30:15 IST" duration-ms="11001">
      <class name="com.sauce.testcases.TestInventory">
        <test-method is-config="true" signature="startTheBrowser()[pri:0, instance:com.sauce.testcases.TestInventory@223d2c72]" started-at="2024-05-24T12:30:04 IST" name="startTheBrowser" finished-at="2024-05-24T12:30:11 IST" duration-ms="6772" status="PASS">
          <reporter-output>
          </reporter-output>
        </test-method> <!-- startTheBrowser -->
        <test-method signature="ProductDetails()[pri:0, instance:com.sauce.testcases.TestInventory@223d2c72]" started-at="2024-05-24T12:30:11 IST" name="ProductDetails" finished-at="2024-05-24T12:30:12 IST" duration-ms="827" status="PASS">
          <reporter-output>
          </reporter-output>
        </test-method> <!-- ProductDetails -->
        <test-method is-config="true" signature="tearDown()[pri:0, instance:com.sauce.testcases.TestInventory@223d2c72]" started-at="2024-05-24T12:30:12 IST" name="tearDown" finished-at="2024-05-24T12:30:15 IST" duration-ms="3397" status="PASS">
          <reporter-output>
          </reporter-output>
        </test-method> <!-- tearDown -->
      </class> <!-- com.sauce.testcases.TestInventory -->
    </test> <!-- Test -->
  </suite> <!-- Suite (1) -->
  <suite started-at="2024-05-24T12:29:47 IST" name="Suite (0)" finished-at="2024-05-24T12:30:04 IST" duration-ms="16790">
    <groups>
    </groups>
    <test started-at="2024-05-24T12:29:47 IST" name="Test" finished-at="2024-05-24T12:30:04 IST" duration-ms="16790">
      <class name="com.sauce.testcases.TestLoginPage">
        <test-method is-config="true" signature="openBrowser()[pri:0, instance:com.sauce.testcases.TestLoginPage@74e52303]" started-at="2024-05-24T12:29:47 IST" name="openBrowser" finished-at="2024-05-24T12:30:03 IST" duration-ms="15782" status="PASS">
          <reporter-output>
          </reporter-output>
        </test-method> <!-- openBrowser -->
        <test-method signature="StartApp()[pri:0, instance:com.sauce.testcases.TestLoginPage@74e52303]" started-at="2024-05-24T12:30:03 IST" name="StartApp" finished-at="2024-05-24T12:30:04 IST" duration-ms="530" status="PASS">
          <reporter-output>
          </reporter-output>
        </test-method> <!-- StartApp -->
        <test-method is-config="true" signature="tearDown()[pri:0, instance:com.sauce.testcases.TestLoginPage@74e52303]" started-at="2024-05-24T12:30:04 IST" name="tearDown" finished-at="2024-05-24T12:30:04 IST" duration-ms="410" status="PASS">
          <reporter-output>
          </reporter-output>
        </test-method> <!-- tearDown -->
      </class> <!-- com.sauce.testcases.TestLoginPage -->
    </test> <!-- Test -->
  </suite> <!-- Suite (0) -->
</testng-results>
