<?xml version="1.0" encoding="UTF-8"?>
<testng-results ignored="0" total="1" passed="1" failed="0" skipped="0">
  <reporter-output>
  </reporter-output>
  <suite started-at="2024-07-01T20:56:55 IST" name="Suite" finished-at="2024-07-01T20:58:17 IST" duration-ms="81466">
    <groups>
    </groups>
    <test started-at="2024-07-01T20:56:55 IST" name="Test" finished-at="2024-07-01T20:58:17 IST" duration-ms="81466">
      <class name="com.sauce.testcases.TestLoginPage">
        <test-method is-config="true" signature="openBrowser()[pri:0, instance:com.sauce.testcases.TestLoginPage@74235045]" started-at="2024-07-01T20:56:55 IST" name="openBrowser" finished-at="2024-07-01T20:58:01 IST" duration-ms="65375" status="PASS">
          <reporter-output>
          </reporter-output>
        </test-method> <!-- openBrowser -->
        <test-method signature="StartApp()[pri:0, instance:com.sauce.testcases.TestLoginPage@74235045]" started-at="2024-07-01T20:58:01 IST" name="StartApp" finished-at="2024-07-01T20:58:16 IST" duration-ms="14384" status="PASS">
          <reporter-output>
          </reporter-output>
        </test-method> <!-- StartApp -->
        <test-method is-config="true" signature="tearDown()[pri:0, instance:com.sauce.testcases.TestLoginPage@74235045]" started-at="2024-07-01T20:58:16 IST" name="tearDown" finished-at="2024-07-01T20:58:17 IST" duration-ms="991" status="PASS">
          <reporter-output>
          </reporter-output>
        </test-method> <!-- tearDown -->
      </class> <!-- com.sauce.testcases.TestLoginPage -->
    </test> <!-- Test -->
  </suite> <!-- Suite -->
</testng-results>
